This is pdfTeX, Version 3.141592653-2.6-1.40.29 (TeX Live 2026) (preloaded format=pdflatex 2026.6.2)  6 JUN 2026 02:42
entering extended mode
 restricted \write18 enabled.
 %&-line parsing enabled.
**ucft-final.tex
(./ucft-final.tex
LaTeX2e <2025-11-01>
L3 programming layer <2026-03-20>
(/usr/share/texlive/texmf-dist/tex/latex/base/article.cls
Document Class: article 2025/01/22 v1.4n Standard LaTeX document class
(/usr/share/texlive/texmf-dist/tex/latex/base/size11.clo
File: size11.clo 2025/01/22 v1.4n Standard LaTeX file (size option)
)
\c@part=\count275
\c@section=\count276
\c@subsection=\count277
\c@subsubsection=\count278
\c@paragraph=\count279
\c@subparagraph=\count280
\c@figure=\count281
\c@table=\count282
\abovecaptionskip=\skip49
\belowcaptionskip=\skip50
\bibindent=\dimen150
)
(/usr/share/texlive/texmf-dist/tex/latex/base/fontenc.sty
Package: fontenc 2025/07/18 v2.1d Standard LaTeX package
)
(/usr/share/texlive/texmf-dist/tex/latex/base/inputenc.sty
Package: inputenc 2024/02/08 v1.3d Input encoding file
\inpenc@prehook=\toks17
\inpenc@posthook=\toks18
)
(/usr/share/texlive/texmf-dist/tex/latex/geometry/geometry.sty
Package: geometry 2026/03/07 v6.0 Page Geometry

(/usr/share/texlive/texmf-dist/tex/latex/graphics/keyval.sty
Package: keyval 2022/05/29 v1.15 key=value parser (DPC)
\KV@toks@=\toks19
)
(/usr/share/texlive/texmf-dist/tex/generic/iftex/ifvtex.sty
Package: ifvtex 2019/10/25 v1.7 ifvtex legacy package. Use iftex instead.

(/usr/share/texlive/texmf-dist/tex/generic/iftex/iftex.sty
Package: iftex 2024/12/12 v1.0g TeX engine tests
))
\Gm@cnth=\count283
\Gm@cntv=\count284
\c@Gm@tempcnt=\count285
\Gm@bindingoffset=\dimen151
\Gm@wd@mp=\dimen152
\Gm@odd@mp=\dimen153
\Gm@even@mp=\dimen154
\Gm@layoutwidth=\dimen155
\Gm@layoutheight=\dimen156
\Gm@layouthoffset=\dimen157
\Gm@layoutvoffset=\dimen158
\Gm@dimlist=\toks20
)
(/usr/share/texlive/texmf-dist/tex/latex/amsmath/amsmath.sty
Package: amsmath 2025/07/09 v2.17z AMS math features
\@mathmargin=\skip51

For additional information on amsmath, use the `?' option.
(/usr/share/texlive/texmf-dist/tex/latex/amsmath/amstext.sty
Package: amstext 2024/11/17 v2.01 AMS text

(/usr/share/texlive/texmf-dist/tex/latex/amsmath/amsgen.sty
File: amsgen.sty 1999/11/30 v2.0 generic functions
\@emptytoks=\toks21
\ex@=\dimen159
))
(/usr/share/texlive/texmf-dist/tex/latex/amsmath/amsbsy.sty
Package: amsbsy 1999/11/29 v1.2d Bold Symbols
\pmbraise@=\dimen160
)
(/usr/share/texlive/texmf-dist/tex/latex/amsmath/amsopn.sty
Package: amsopn 2022/04/08 v2.04 operator names
)
\inf@bad=\count286
LaTeX Info: Redefining \frac on input line 233.
\uproot@=\count287
\leftroot@=\count288
LaTeX Info: Redefining \overline on input line 398.
LaTeX Info: Redefining \colon on input line 409.
\classnum@=\count289
\DOTSCASE@=\count290
LaTeX Info: Redefining \ldots on input line 495.
LaTeX Info: Redefining \dots on input line 498.
LaTeX Info: Redefining \cdots on input line 619.
\Mathstrutbox@=\box53
\strutbox@=\box54
LaTeX Info: Redefining \big on input line 721.
LaTeX Info: Redefining \Big on input line 722.
LaTeX Info: Redefining \bigg on input line 723.
LaTeX Info: Redefining \Bigg on input line 724.
\big@size=\dimen161
LaTeX Font Info:    Redeclaring font encoding OML on input line 742.
LaTeX Font Info:    Redeclaring font encoding OMS on input line 743.
\macc@depth=\count291
LaTeX Info: Redefining \bmod on input line 904.
LaTeX Info: Redefining \pmod on input line 909.
LaTeX Info: Redefining \smash on input line 939.
LaTeX Info: Redefining \relbar on input line 969.
LaTeX Info: Redefining \Relbar on input line 970.
\c@MaxMatrixCols=\count292
\dotsspace@=\muskip17
\c@parentequation=\count293
\dspbrk@lvl=\count294
\tag@help=\toks22
\row@=\count295
\column@=\count296
\maxfields@=\count297
\andhelp@=\toks23
\eqnshift@=\dimen162
\alignsep@=\dimen163
\tagshift@=\dimen164
\tagwidth@=\dimen165
\totwidth@=\dimen166
\lineht@=\dimen167
\@envbody=\toks24
\multlinegap=\skip52
\multlinetaggap=\skip53
\mathdisplay@stack=\toks25
LaTeX Info: Redefining \[ on input line 2950.
LaTeX Info: Redefining \] on input line 2951.
)
(/usr/share/texlive/texmf-dist/tex/latex/amsfonts/amssymb.sty
Package: amssymb 2013/01/14 v3.01 AMS font symbols

(/usr/share/texlive/texmf-dist/tex/latex/amsfonts/amsfonts.sty
Package: amsfonts 2013/01/14 v3.01 Basic AMSFonts support
\symAMSa=\mathgroup4
\symAMSb=\mathgroup5
LaTeX Font Info:    Redeclaring math symbol \hbar on input line 98.
LaTeX Font Info:    Overwriting math alphabet `\mathfrak' in version `bold'
(Font)                  U/euf/m/n --> U/euf/b/n on input line 106.
))
(/usr/share/texlive/texmf-dist/tex/latex/amscls/amsthm.sty
Package: amsthm 2020/05/29 v2.20.6
\thm@style=\toks26
\thm@bodyfont=\toks27
\thm@headfont=\toks28
\thm@notefont=\toks29
\thm@headpunct=\toks30
\thm@preskip=\skip54
\thm@postskip=\skip55
\thm@headsep=\skip56
\dth@everypar=\toks31
)
(/usr/share/texlive/texmf-dist/tex/latex/mathtools/mathtools.sty
Package: mathtools 2024/10/04 v1.31 mathematical typesetting tools

(/usr/share/texlive/texmf-dist/tex/latex/tools/calc.sty
Package: calc 2025/03/01 v4.3b Infix arithmetic (KKT,FJ)
\calc@Acount=\count298
\calc@Bcount=\count299
\calc@Adimen=\dimen168
\calc@Bdimen=\dimen169
\calc@Askip=\skip57
\calc@Bskip=\skip58
LaTeX Info: Redefining \setlength on input line 86.
LaTeX Info: Redefining \addtolength on input line 87.
\calc@Ccount=\count300
\calc@Cskip=\skip59
)
(/usr/share/texlive/texmf-dist/tex/latex/mathtools/mhsetup.sty
Package: mhsetup 2021/03/18 v1.4 programming setup (MH)
)
\g_MT_multlinerow_int=\count301
\l_MT_multwidth_dim=\dimen170
\origjot=\skip60
\l_MT_shortvdotswithinadjustabove_dim=\dimen171
\l_MT_shortvdotswithinadjustbelow_dim=\dimen172
\l_MT_above_intertext_sep=\dimen173
\l_MT_below_intertext_sep=\dimen174
\l_MT_above_shortintertext_sep=\dimen175
\l_MT_below_shortintertext_sep=\dimen176
\xmathstrut@box=\box55
\xmathstrut@dim=\dimen177
)
(/usr/share/texlive/texmf-dist/tex/latex/jknapltx/mathrsfs.sty
Package: mathrsfs 1996/01/01 Math RSFS package v1.0 (jk)
\symrsfs=\mathgroup6
)
(/usr/share/texlive/texmf-dist/tex/latex/graphics/graphicx.sty
Package: graphicx 2024/12/31 v1.2e Enhanced LaTeX Graphics (DPC,SPQR)

(/usr/share/texlive/texmf-dist/tex/latex/graphics/graphics.sty
Package: graphics 2024/08/06 v1.4g Standard LaTeX Graphics (DPC,SPQR)

(/usr/share/texlive/texmf-dist/tex/latex/graphics/trig.sty
Package: trig 2023/12/02 v1.11 sin cos tan (DPC)
)
(/usr/share/texlive/texmf-dist/tex/latex/graphics-cfg/graphics.cfg
File: graphics.cfg 2016/06/04 v1.11 sample graphics configuration
)
Package graphics Info: Driver file: pdftex.def on input line 106.

(/usr/share/texlive/texmf-dist/tex/latex/graphics-def/pdftex.def
File: pdftex.def 2025/09/29 v1.2d Graphics/color driver for pdftex
))
\Gin@req@height=\dimen178
\Gin@req@width=\dimen179
)
(/usr/share/texlive/texmf-dist/tex/latex/xcolor/xcolor.sty
Package: xcolor 2024/09/29 v3.02 LaTeX color extensions (UK)

(/usr/share/texlive/texmf-dist/tex/latex/graphics-cfg/color.cfg
File: color.cfg 2016/01/02 v1.6 sample color configuration
)
Package xcolor Info: Driver file: pdftex.def on input line 274.

(/usr/share/texlive/texmf-dist/tex/latex/graphics/mathcolor.ltx)
Package xcolor Info: Model `cmy' substituted by `cmy0' on input line 1349.
Package xcolor Info: Model `hsb' substituted by `rgb' on input line 1353.
Package xcolor Info: Model `RGB' extended on input line 1365.
Package xcolor Info: Model `HTML' substituted by `rgb' on input line 1367.
Package xcolor Info: Model `Hsb' substituted by `hsb' on input line 1368.
Package xcolor Info: Model `tHsb' substituted by `hsb' on input line 1369.
Package xcolor Info: Model `HSB' substituted by `hsb' on input line 1370.
Package xcolor Info: Model `Gray' substituted by `gray' on input line 1371.
Package xcolor Info: Model `wave' substituted by `hsb' on input line 1372.
)
(/usr/share/texlive/texmf-dist/tex/latex/base/textcomp.sty
Package: textcomp 2024/04/24 v2.1b Standard LaTeX package
)
(/usr/share/texlive/texmf-dist/tex/latex/booktabs/booktabs.sty
Package: booktabs 2020/01/12 v1.61803398 Publication quality tables
\heavyrulewidth=\dimen180
\lightrulewidth=\dimen181
\cmidrulewidth=\dimen182
\belowrulesep=\dimen183
\belowbottomsep=\dimen184
\aboverulesep=\dimen185
\abovetopsep=\dimen186
\cmidrulesep=\dimen187
\cmidrulekern=\dimen188
\defaultaddspace=\dimen189
\@cmidla=\count302
\@cmidlb=\count303
\@aboverulesep=\dimen190
\@belowrulesep=\dimen191
\@thisruleclass=\count304
\@lastruleclass=\count305
\@thisrulewidth=\dimen192
)
(/usr/share/texlive/texmf-dist/tex/latex/enumitem/enumitem.sty
Package: enumitem 2025/02/06 v3.11 Customized lists
\labelindent=\skip61
\enit@outerparindent=\dimen193
\enit@toks=\toks32
\enit@inbox=\box56
\enit@count@id=\count306
\enitdp@description=\count307
)
(/usr/share/texlive/texmf-dist/tex/latex/tools/array.sty

LaTeX Warning: You have requested release `2026/06/01' of LaTeX,
               but only release `2025-11-01' is available.

Package: array 2026/01/25 v2.7a Tabular extension package (FMi)
\col@sep=\dimen194
\ar@mcellbox=\box57
\extrarowheight=\dimen195
\NC@list=\toks33
\extratabsurround=\skip62
\backup@length=\skip63
\ar@cellbox=\box58
) (/usr/share/texlive/texmf-dist/tex/latex/hyperref/hyperref.sty
Package: hyperref 2026-04-24 v7.01q Hypertext links for LaTeX

(/usr/share/texlive/texmf-dist/tex/latex/kvsetkeys/kvsetkeys.sty
Package: kvsetkeys 2022-10-05 v1.19 Key value parser (HO)
)
(/usr/share/texlive/texmf-dist/tex/generic/kvdefinekeys/kvdefinekeys.sty
Package: kvdefinekeys 2019-12-19 v1.6 Define keys (HO)
)
(/usr/share/texlive/texmf-dist/tex/generic/pdfescape/pdfescape.sty
Package: pdfescape 2019/12/09 v1.15 Implements pdfTeX's escape features (HO)

(/usr/share/texlive/texmf-dist/tex/generic/ltxcmds/ltxcmds.sty
Package: ltxcmds 2023-12-04 v1.26 LaTeX kernel commands for general use (HO)
)
(/usr/share/texlive/texmf-dist/tex/generic/pdftexcmds/pdftexcmds.sty
Package: pdftexcmds 2020-06-27 v0.33 Utility functions of pdfTeX for LuaTeX (HO
)

(/usr/share/texlive/texmf-dist/tex/generic/infwarerr/infwarerr.sty
Package: infwarerr 2019/12/03 v1.5 Providing info/warning/error messages (HO)
)
Package pdftexcmds Info: \pdf@primitive is available.
Package pdftexcmds Info: \pdf@ifprimitive is available.
Package pdftexcmds Info: \pdfdraftmode found.
))
(/usr/share/texlive/texmf-dist/tex/latex/hycolor/hycolor.sty
Package: hycolor 2020-01-27 v1.10 Color options for hyperref/bookmark (HO)
)
(/usr/share/texlive/texmf-dist/tex/latex/hyperref/nameref.sty
Package: nameref 2026-01-29 v2.58 Cross-referencing by name of section

(/usr/share/texlive/texmf-dist/tex/latex/refcount/refcount.sty
Package: refcount 2019/12/15 v3.6 Data extraction from label references (HO)
)
(/usr/share/texlive/texmf-dist/tex/generic/gettitlestring/gettitlestring.sty
Package: gettitlestring 2019/12/15 v1.6 Cleanup title references (HO)

(/usr/share/texlive/texmf-dist/tex/latex/kvoptions/kvoptions.sty
Package: kvoptions 2022-06-15 v3.15 Key value format for package options (HO)
))
\c@section@level=\count308
)
(/usr/share/texlive/texmf-dist/tex/latex/etoolbox/etoolbox.sty
Package: etoolbox 2025/10/02 v2.5m e-TeX tools for LaTeX (JAW)
\etb@tempcnta=\count309
)
(/usr/share/texlive/texmf-dist/tex/generic/stringenc/stringenc.sty
Package: stringenc 2019/11/29 v1.12 Convert strings between diff. encodings (HO
)
)
\@linkdim=\dimen196
\Hy@linkcounter=\count310
\Hy@pagecounter=\count311

(/usr/share/texlive/texmf-dist/tex/latex/hyperref/pd1enc.def
File: pd1enc.def 2026-04-24 v7.01q Hyperref: PDFDocEncoding definition (HO)
Now handling font encoding PD1 ...
... no UTF-8 mapping file for font encoding PD1
)
(/usr/share/texlive/texmf-dist/tex/generic/intcalc/intcalc.sty
Package: intcalc 2019/12/15 v1.3 Expandable calculations with integers (HO)
)
\Hy@SavedSpaceFactor=\count312

(/usr/share/texlive/texmf-dist/tex/latex/hyperref/puenc.def
File: puenc.def 2026-04-24 v7.01q Hyperref: PDF Unicode definition (HO)
Now handling font encoding PU ...
... no UTF-8 mapping file for font encoding PU
)
Package hyperref Info: Hyper figures OFF on input line 4199.
Package hyperref Info: Link nesting OFF on input line 4204.
Package hyperref Info: Hyper index ON on input line 4207.
Package hyperref Info: Plain pages OFF on input line 4214.
Package hyperref Info: Backreferencing OFF on input line 4219.
Package hyperref Info: Implicit mode ON; LaTeX internals redefined.
Package hyperref Info: Bookmarks ON on input line 4466.
\c@Hy@tempcnt=\count313

(/usr/share/texlive/texmf-dist/tex/latex/url/url.sty
\Urlmuskip=\muskip18
Package: url 2013/09/16  ver 3.4  Verb mode for urls, etc.
)
LaTeX Info: Redefining \url on input line 4805.
\XeTeXLinkMargin=\dimen197

(/usr/share/texlive/texmf-dist/tex/generic/bitset/bitset.sty
Package: bitset 2019/12/09 v1.3 Handle bit-vector datatype (HO)

(/usr/share/texlive/texmf-dist/tex/generic/bigintcalc/bigintcalc.sty
Package: bigintcalc 2019/12/15 v1.5 Expandable calculations on big integers (HO
)
))
\Fld@menulength=\count314
\Field@Width=\dimen198
\Fld@charsize=\dimen199
Package hyperref Info: Hyper figures OFF on input line 6091.
Package hyperref Info: Link nesting OFF on input line 6096.
Package hyperref Info: Hyper index ON on input line 6099.
Package hyperref Info: backreferencing OFF on input line 6106.
Package hyperref Info: Link coloring OFF on input line 6111.
Package hyperref Info: Link coloring with OCG OFF on input line 6116.
Package hyperref Info: PDF/A mode OFF on input line 6121.
\Hy@abspage=\count315
\c@Item=\count316
\c@Hfootnote=\count317
)
Package hyperref Info: Driver (autodetected): hpdftex.

(/usr/share/texlive/texmf-dist/tex/latex/hyperref/hpdftex.def
File: hpdftex.def 2026-04-24 v7.01q Hyperref driver for pdfTeX
\Fld@listcount=\count318
\c@bookmark@seq@number=\count319

(/usr/share/texlive/texmf-dist/tex/latex/rerunfilecheck/rerunfilecheck.sty
Package: rerunfilecheck 2025-06-21 v1.11 Rerun checks for auxiliary files (HO)

(/usr/share/texlive/texmf-dist/tex/generic/uniquecounter/uniquecounter.sty
Package: uniquecounter 2019/12/15 v1.4 Provide unlimited unique counter (HO)
)
Package uniquecounter Info: New unique counter `rerunfilecheck' on input line 2
84.
)
\Hy@SectionHShift=\skip64
)
Package hyperref Info: Option `colorlinks' set `true' on input line 19.
\c@theorem=\count320

(/usr/share/texlive/texmf-dist/tex/latex/l3backend/l3backend-pdftex.def
File: l3backend-pdftex.def 2026-02-18 L3 backend support: PDF output (pdfTeX)
\l__color_backend_stack_int=\count321
)
(./ucft-final.aux)
\openout1 = `ucft-final.aux'.

LaTeX Font Info:    Checking defaults for OML/cmm/m/it on input line 110.
LaTeX Font Info:    ... okay on input line 110.
LaTeX Font Info:    Checking defaults for OMS/cmsy/m/n on input line 110.
LaTeX Font Info:    ... okay on input line 110.
LaTeX Font Info:    Checking defaults for OT1/cmr/m/n on input line 110.
LaTeX Font Info:    ... okay on input line 110.
LaTeX Font Info:    Checking defaults for T1/cmr/m/n on input line 110.
LaTeX Font Info:    ... okay on input line 110.
LaTeX Font Info:    Checking defaults for TS1/cmr/m/n on input line 110.
LaTeX Font Info:    ... okay on input line 110.
LaTeX Font Info:    Checking defaults for OMX/cmex/m/n on input line 110.
LaTeX Font Info:    ... okay on input line 110.
LaTeX Font Info:    Checking defaults for U/cmr/m/n on input line 110.
LaTeX Font Info:    ... okay on input line 110.
LaTeX Font Info:    Checking defaults for PD1/pdf/m/n on input line 110.
LaTeX Font Info:    ... okay on input line 110.
LaTeX Font Info:    Checking defaults for PU/pdf/m/n on input line 110.
LaTeX Font Info:    ... okay on input line 110.

*geometry* driver: auto-detecting
*geometry* detected driver: pdftex
*geometry* verbose mode - [ preamble ] result:
* driver: pdftex
* paper: <default>
* layout: <same size as paper>
* layoutoffset:(h,v)=(0.0pt,0.0pt)
* modes: 
* h-part:(L,W,R)=(72.26999pt, 469.75502pt, 72.26999pt)
* v-part:(T,H,B)=(72.26999pt, 650.43001pt, 72.26999pt)
* \paperwidth=614.295pt
* \paperheight=794.96999pt
* \textwidth=469.75502pt
* \textheight=650.43001pt
* \oddsidemargin=0.0pt
* \evensidemargin=0.0pt
* \topmargin=-37.0pt
* \headheight=12.0pt
* \headsep=25.0pt
* \topskip=11.0pt
* \footskip=30.0pt
* \marginparwidth=59.0pt
* \marginparsep=10.0pt
* \columnsep=10.0pt
* \skip\footins=10.0pt plus 4.0pt minus 2.0pt
* \hoffset=0.0pt
* \voffset=0.0pt
* \mag=1000
* \@twocolumnfalse
* \@twosidefalse
* \@mparswitchfalse
* \@reversemarginfalse
* (1in=72.27pt=25.4mm, 1cm=28.453pt)

(/usr/share/texlive/texmf-dist/tex/context/base/mkii/supp-pdf.mkii
[Loading MPS to PDF converter (version 2006.09.02).]
\scratchcounter=\count322
\scratchdimen=\dimen256
\scratchbox=\box59
\nofMPsegments=\count323
\nofMParguments=\count324
\everyMPshowfont=\toks34
\MPscratchCnt=\count325
\MPscratchDim=\dimen257
\MPnumerator=\count326
\makeMPintoPDFobject=\count327
\everyMPtoPDFconversion=\toks35
) (/usr/share/texlive/texmf-dist/tex/latex/epstopdf-pkg/epstopdf-base.sty
Package: epstopdf-base 2020-01-24 v2.11 Base part for package epstopdf
Package epstopdf-base Info: Redefining graphics rule for `.eps' on input line 4
85.

(/usr/share/texlive/texmf-dist/tex/latex/latexconfig/epstopdf-sys.cfg
File: epstopdf-sys.cfg 2010/07/13 v1.3 Configuration of (r)epstopdf for TeX Liv
e
))
Package hyperref Info: Link coloring ON on input line 110.

(./ucft-final.out) (./ucft-final.out)
\@outlinefile=\write3
\openout3 = `ucft-final.out'.

LaTeX Font Info:    Trying to load font information for U+msa on input line 112
.

(/usr/share/texlive/texmf-dist/tex/latex/amsfonts/umsa.fd
File: umsa.fd 2013/01/14 v3.01 AMS symbols A
)
LaTeX Font Info:    Trying to load font information for U+msb on input line 112
.

(/usr/share/texlive/texmf-dist/tex/latex/amsfonts/umsb.fd
File: umsb.fd 2013/01/14 v3.01 AMS symbols B
)
LaTeX Font Info:    Trying to load font information for U+rsfs on input line 11
2.

(/usr/share/texlive/texmf-dist/tex/latex/jknapltx/ursfs.fd
File: ursfs.fd 1998/03/24 rsfs font definition file (jk)
) (./ucft-final.toc
[1

{/var/lib/texmf/fonts/map/pdftex/updmap/pdftex.map}{/usr/share/texlive/texmf-di
st/fonts/enc/dvips/cm-super/cm-super-t1.enc}]
LaTeX Font Info:    Trying to load font information for U+euf on input line 44.


(/usr/share/texlive/texmf-dist/tex/latex/amsfonts/ueuf.fd
File: ueuf.fd 2013/01/14 v3.01 Euler Fraktur
) [2] [3])
\tf@toc=\write4
\openout4 = `ucft-final.toc'.

 [4]
[5

] [6] [7

]
Overfull \hbox (6.72057pt too wide) in paragraph at lines 376--415
 [][] 
 []

[8]
Overfull \hbox (10.90283pt too wide) in paragraph at lines 435--438
[]\T1/cmr/m/n/10.95 (P3, [][]sec-tion 7[][][]). \T1/cmr/m/it/10.95 Sol-der-ing 
yields a four-dimensional Lorentzian man-i-fold of sig-na-ture $\OT1/cmr/m/n/10
.95 (\OMS/cmsy/m/n/10.95 ^^@\OML/cmm/m/it/10.95 ; \OT1/cmr/m/n/10.95 +\OML/cmm/
m/it/10.95 ; \OT1/cmr/m/n/10.95 +\OML/cmm/m/it/10.95 ; \OT1/cmr/m/n/10.95 +)$
 []

[9]

LaTeX Warning: Reference `sec:soldering:os' on page 10 undefined on input line 
556.

[10] [11]

LaTeX Warning: Reference `sec:soldering:main' on page 12 undefined on input lin
e 690.


LaTeX Warning: Reference `sec:gravity:as' on page 12 undefined on input line 72
0.

[12]

LaTeX Warning: Reference `sec:soldering:os' on page 13 undefined on input line 
802.


LaTeX Warning: Reference `sec:soldering:main' on page 13 undefined on input lin
e 822.


LaTeX Warning: Reference `app:albert:main' on page 13 undefined on input line 8
25.

[13]

LaTeX Warning: Reference `app:albert:main' on page 14 undefined on input line 8
88.

[14]

LaTeX Warning: Reference `app:albert:main' on page 15 undefined on input line 9
30.


LaTeX Warning: Reference `sec:soldering:main' on page 15 undefined on input lin
e 933.

[15] [16]

LaTeX Warning: Reference `app:albert:main' on page 17 undefined on input line 1
099.

[17]

LaTeX Warning: Hyper reference `post:soldering:P3' on page 18 undefined on inpu
t line 1225.


LaTeX Warning: Reference `sec:soldering:main' on page 18 undefined on input lin
e 1227.


LaTeX Warning: Reference `sec:soldering:main' on page 18 undefined on input lin
e 1274.

[18]

LaTeX Warning: Reference `sec:soldering:main' on page 19 undefined on input lin
e 1292.


Overfull \hbox (17.90134pt too wide) in paragraph at lines 1328--1332
\T1/cmr/m/n/10.95 and is the ma-trix $\OT1/cmr/m/n/10.95 2 \OMS/cmsy/m/n/10.95 
^^B \OT1/cmr/m/n/10.95 2$\T1/cmr/m/n/10.95 -cofactor (ad-ju-gate): in a Jor-dan
 frame $[]\OT1/cmr/m/n/10.95 (\OML/cmm/m/it/10.95 ^^U[]; ^^U[]; ^^U[]\OT1/cmr/m
/n/10.95 )[] = [](\OML/cmm/m/it/10.95 ^^U[]^^U[]; ^^U[]^^U[]; ^^U[]^^U[]\OT1/cm
r/m/n/10.95 )$\T1/cmr/m/n/10.95 . 
 []

[19] [20] [21]

LaTeX Warning: Reference `sec:soldering:main' on page 22 undefined on input lin
e 1526.

[22]

LaTeX Warning: Reference `thm:vacuum:T4' on page 23 undefined on input line 162
0.


LaTeX Warning: Reference `sec:vacuum' on page 23 undefined on input line 1632.


LaTeX Warning: Reference `sec:soldering' on page 23 undefined on input line 164
3.


LaTeX Warning: Reference `sec:gravity' on page 23 undefined on input line 1644.


[23]

LaTeX Warning: Reference `sec:sm' on page 24 undefined on input line 1674.


LaTeX Warning: Reference `sec:soldering' on page 24 undefined on input line 168
2.

[24]

LaTeX Warning: Reference `sec:soldering' on page 25 undefined on input line 178
0.


LaTeX Warning: Reference `sec:gauge' on page 25 undefined on input line 1809.


LaTeX Warning: Reference `sec:soldering' on page 25 undefined on input line 181
1.


LaTeX Warning: Reference `sec:sm' on page 25 undefined on input line 1838.


LaTeX Warning: Reference `sec:gravity' on page 25 undefined on input line 1840.


[25]

LaTeX Warning: Reference `thm:vacuum:T4' on page 26 undefined on input line 187
3.


LaTeX Warning: Reference `sec:gauge' on page 26 undefined on input line 1881.


LaTeX Warning: Reference `sec:soldering' on page 26 undefined on input line 189
1.


LaTeX Warning: Reference `thm:gravity:mass' on page 26 undefined on input line 
1897.


LaTeX Warning: Reference `sec:strings' on page 26 undefined on input line 1905.



LaTeX Warning: Reference `sec:soldering' on page 26 undefined on input line 191
6.


LaTeX Warning: Reference `sec:sm' on page 26 undefined on input line 1917.

[26] [27]

LaTeX Warning: Reference `thm:potential:L1' on page 28 undefined on input line 
2069.


Overfull \hbox (3.54515pt too wide) in paragraph at lines 2095--2106
 [] 
 []

[28]

LaTeX Warning: Reference `cor:VacuumOrbit' on page 29 undefined on input line 2
112.


LaTeX Warning: Reference `thm:gravity:mass' on page 29 undefined on input line 
2145.

[29] [30]
Overfull \hbox (9.5017pt too wide) in paragraph at lines 2287--2293
 []\T1/cmr/bx/n/10.95 Euclidean to Lorentzian via Osterwalder--Schrader.[] \T1/
cmr/m/n/10.95 The compact-form $\OML/cmm/m/it/10.95 ^^[$\T1/cmr/m/n/10.95 -mode
l with positive-
 []

[31]

LaTeX Warning: Reference `sec:foundations:realform' on page 32 undefined on inp
ut line 2391.

[32]

LaTeX Warning: Reference `sec:foundations:coset' on page 33 undefined on input 
line 2420.


LaTeX Warning: Reference `sec:soldering:main' on page 33 undefined on input lin
e 2437.


LaTeX Warning: Reference `sec:foundations:coset' on page 33 undefined on input 
line 2514.

[33]

LaTeX Warning: Reference `app:ym:main' on page 34 undefined on input line 2543.



Package hyperref Warning: Token not allowed in a PDF string (Unicode):
(hyperref)                removing `math shift' on input line 2553.


Package hyperref Warning: Token not allowed in a PDF string (Unicode):
(hyperref)                removing `math shift' on input line 2553.


LaTeX Warning: Reference `sec:soldering:main' on page 34 undefined on input lin
e 2590.

[34]
Overfull \hbox (3.82828pt too wide) in paragraph at lines 2622--2627
\OML/cmm/m/it/10.95 S[][]$ \T1/cmr/m/it/10.95 van-ishes. The only non-va-n-ish-
ing one-loop gauge anomaly is the mixed $\OT1/cmr/m/n/10.95 U(1)$\T1/cmr/m/it/1
0.95 --$[]\OT1/cmr/m/n/10.95 (10)[]$ \T1/cmr/m/it/10.95 anomaly,
 []


LaTeX Warning: Reference `thm:foundations:qft' on page 35 undefined on input li
ne 2657.


LaTeX Warning: Reference `app:ym:main' on page 35 undefined on input line 2670.



LaTeX Warning: Reference `thm:ExplicitBreaking' on page 35 undefined on input l
ine 2685.


LaTeX Warning: Reference `thm:InvariantMetric' on page 35 undefined on input li
ne 2693.

[35]

LaTeX Warning: Reference `thm:ExplicitBreaking' on page 36 undefined on input l
ine 2724.


LaTeX Warning: Reference `thm:ExplicitBreaking' on page 36 undefined on input l
ine 2765.

[36]

LaTeX Warning: Reference `thm:Lorentz' on page 37 undefined on input line 2788.



LaTeX Warning: Reference `thm:Lorentz' on page 37 undefined on input line 2802.



LaTeX Warning: Reference `thm:Lorentz' on page 37 undefined on input line 2825.


[37]

LaTeX Warning: Reference `thm:GravitySummary' on page 38 undefined on input lin
e 2888.


LaTeX Warning: Reference `sec:soldering:main' on page 38 undefined on input lin
e 2930.


Overfull \hbox (23.55486pt too wide) in paragraph at lines 2942--2952
[]\T1/cmr/m/n/10.95 This sec-tion es-tab-lishes three things: (i) the in-duced 
Planck mass $\OML/cmm/m/it/10.95 M[] \OT1/cmr/m/n/10.95 = [] \OML/cmm/m/it/10.9
5 f[]^^V[] []\OT1/cmr/m/n/10.95 (^^C[]\OML/cmm/m/it/10.95 =^^V[]\OT1/cmr/m/n/10
.95 )\OML/cmm/m/it/10.95 =\OT1/cmr/m/n/10.95 (16\OML/cmm/m/it/10.95 ^^Y[]\OT1/c
mr/m/n/10.95 ) \OML/cmm/m/it/10.95 >
 []

[38]
Overfull \hbox (1.5525pt too wide) in paragraph at lines 2981--2988
\T1/cmr/m/it/10.95 gauge de-grees of free-dom (world-volume dif-feo-mor-phism $
\OT1/cmr/m/n/10.95 +$ \T1/cmr/m/it/10.95 lo-cal Lorentz, Ward iden-tity $\OMS/c
msy/m/n/10.95 r[]\OT1/cmr/m/n/10.95 (\OML/cmm/m/it/10.95 ^^N\OT1/cmr/m/n/10.95 
^^@\OML/cmm/m/it/10.95 =^^Ne[]\OT1/cmr/m/n/10.95 ) =
 []


LaTeX Warning: Reference `sec:soldering:main' on page 39 undefined on input lin
e 3005.

[39]

Package hyperref Warning: Token not allowed in a PDF string (Unicode):
(hyperref)                removing `math shift' on input line 3040.


Package hyperref Warning: Token not allowed in a PDF string (Unicode):
(hyperref)                removing `subscript' on input line 3040.


Package hyperref Warning: Token not allowed in a PDF string (Unicode):
(hyperref)                removing `math shift' on input line 3040.


LaTeX Warning: Reference `sec:soldering:main' on page 40 undefined on input lin
e 3074.

[40] [41]
Overfull \hbox (9.75566pt too wide) in paragraph at lines 3242--3247
[]\T1/cmr/m/n/10.95 Collecting the cou-plings $\OT1/cmr/m/n/10.95 (\OML/cmm/m/i
t/10.95 ^^X; []; []; ^^T; \OT1/cmr/m/n/10.95 ^^C[])$ \T1/cmr/m/n/10.95 and us-i
ng the asymptotic-safety con-ven-tion $\OML/cmm/m/it/10.95 ^^R[] \OT1/cmr/m/n/1
0.95 = \OMS/cmsy/m/n/10.95 ^^@[]\OT1/cmr/m/n/10.95 (\OML/cmm/m/it/10.95 M\OT1/c
mr/m/n/10.95 )$
 []


LaTeX Warning: Reference `sec:gravity' on page 42 undefined on input line 3308.


[42]

LaTeX Warning: Reference `sec:gravity' on page 43 undefined on input line 3349.



LaTeX Warning: Reference `sec:vacuum' on page 43 undefined on input line 3362.

[43]

LaTeX Warning: Reference `sec:gravity' on page 44 undefined on input line 3434.



LaTeX Font Warning: Font shape `T1/cmr/m/scit' undefined
(Font)              using `T1/cmr/m/scsl' instead on input line 3456.


LaTeX Warning: Reference `sec:sm' on page 44 undefined on input line 3498.

[44]

LaTeX Font Warning: Font shape `T1/cmr/m/scit' undefined
(Font)              using `T1/cmr/m/scsl' instead on input line 3555.

[45]

LaTeX Warning: Reference `sec:sigma' on page 46 undefined on input line 3595.


LaTeX Font Warning: Font shape `T1/cmr/m/scit' undefined
(Font)              using `T1/cmr/m/scsl' instead on input line 3607.

[46]

LaTeX Warning: Reference `thm:potential:vacuum' on page 47 undefined on input l
ine 3671.


LaTeX Warning: Reference `thm:potential:vacuum' on page 47 undefined on input l
ine 3692.

[47]

LaTeX Warning: Reference `sec:potential:branchings' on page 48 undefined on inp
ut line 3748.


LaTeX Warning: Reference `sec:gravity:stability' on page 48 undefined on input 
line 3804.


LaTeX Warning: Reference `sec:gravity:AS' on page 48 undefined on input line 38
13.

[48]
Overfull \hbox (4.19911pt too wide) in paragraph at lines 3895--3900
\T1/cmr/m/it/10.95 cancelled by the Green--Schwarz mech-a-nism: the $\OML/cmm/m
/it/10.95 E[]$\T1/cmr/m/it/10.95 -invariant $\OT1/cmr/m/n/10.95 3$\T1/cmr/m/it/
10.95 -form $\OT1/cmr/m/n/10.95 
[]$ \T1/cmr/m/it/10.95 pulls back to $\OML/cmm/m/it/10.95 dB \OT1/cmr/m/n/10.95
 = (1\OML/cmm/m/it/10.95 =\OT1/cmr/m/n/10.95 2\OML/cmm/m/it/10.95 ^^Y\OT1/cmr/m
/n/10.95 )\OML/cmm/m/it/10.95 F[]$\T1/cmr/m/it/10.95 ,
 []

[49]

LaTeX Warning: Reference `thm:potential:vacuum' on page 50 undefined on input l
ine 3937.

[50{/usr/share/texlive/texmf-dist/fonts/enc/dvips/cm-super/cm-super-ts1.enc}]

LaTeX Warning: Reference `sec:anomaly:main' on page 51 undefined on input line 
4039.

[51]

LaTeX Warning: Reference `sec:soldering:main' on page 52 undefined on input lin
e 4060.


LaTeX Warning: Reference `sec:anomaly:main' on page 52 undefined on input line 
4125.

[52]

Package hyperref Warning: Token not allowed in a PDF string (Unicode):
(hyperref)                removing `math shift' on input line 4186.


Package hyperref Warning: Token not allowed in a PDF string (Unicode):
(hyperref)                removing `subscript' on input line 4186.


Package hyperref Warning: Token not allowed in a PDF string (Unicode):
(hyperref)                removing `math shift' on input line 4186.

[53]
Overfull \hbox (88.55388pt too wide) in paragraph at lines 4286--4344
 [][] 
 []

[54] [55]

LaTeX Warning: Reference `sec:app-albert:F4E6' on page 56 undefined on input li
ne 4489.

[56] [57] [58] [59]

Package hyperref Warning: Token not allowed in a PDF string (Unicode):
(hyperref)                removing `math shift' on input line 4850.


Package hyperref Warning: Token not allowed in a PDF string (Unicode):
(hyperref)                removing `subscript' on input line 4850.


Package hyperref Warning: Token not allowed in a PDF string (Unicode):
(hyperref)                removing `math shift' on input line 4850.


Package hyperref Warning: Token not allowed in a PDF string (Unicode):
(hyperref)                removing `math shift' on input line 4850.


Package hyperref Warning: Token not allowed in a PDF string (Unicode):
(hyperref)                removing `math shift' on input line 4850.


Overfull \hbox (21.65874pt too wide) in paragraph at lines 4872--4875
[][]\T1/cmr/bx/n/10.95 Corollary A.22 \T1/cmr/m/n/10.95 (Coset tan-gent mod-ule
)\T1/cmr/bx/n/10.95 . []\T1/cmr/m/n/10.95 (The-o-rem.) \T1/cmr/m/it/10.95 The t
an-gent space to $\OMS/cmsy/m/n/10.95 M \OT1/cmr/m/n/10.95 = [] = \OML/cmm/m/it
/10.95 E[]=\OT1/cmr/m/n/10.95 ([](10) \OMS/cmsy/m/n/10.95 ^^B
 []

[60]

LaTeX Warning: Reference `sec:app-soldering:main' on page 61 undefined on input
 line 4908.


LaTeX Warning: Reference `sec:app-soldering:main' on page 61 undefined on input
 line 4956.

[61]

LaTeX Warning: Reference `thm:gravity:MPl' on page 62 undefined on input line 4
988.


LaTeX Warning: Reference `thm:gravity:beta' on page 62 undefined on input line 
4989.


LaTeX Warning: Reference `sec:app-soldering:main' on page 62 undefined on input
 line 4993.


LaTeX Warning: Reference `thm:gravity:beta' on page 62 undefined on input line 
5000.


LaTeX Warning: Reference `cor:VacuumManifold' on page 62 undefined on input lin
e 5033.


LaTeX Warning: Reference `thm:uniqueMetric' on page 62 undefined on input line 
5033.

[62] [63]

LaTeX Warning: Reference `thm:Invs' on page 64 undefined on input line 5160.


LaTeX Warning: Reference `thm:OrbitClass' on page 64 undefined on input line 51
60.


LaTeX Warning: Reference `thm:OrbitClass' on page 64 undefined on input line 51
92.


LaTeX Warning: Reference `thm:uniqueMetric' on page 64 undefined on input line 
5225.

[64]

LaTeX Warning: Reference `cor:VacuumManifold' on page 65 undefined on input lin
e 5243.


LaTeX Warning: Reference `thm:MassSpectrum' on page 65 undefined on input line 
5248.


Overfull \hbox (1.75505pt too wide) in paragraph at lines 5268--5270
[][]\T1/cmr/bx/n/10.95 Postulate B.9 \T1/cmr/m/n/10.95 (In-duced Minkowski form
, P3b)\T1/cmr/bx/n/10.95 . []\T1/cmr/m/n/10.95 The in-duced quadratic form on $
\OT1/cmr/m/n/10.95 ^^E[]$ \T1/cmr/m/n/10.95 is the Minkowski
 []

[65] [66] [67]

LaTeX Warning: Reference `sec:realform:main' on page 68 undefined on input line
 5508.


LaTeX Warning: Reference `sec:soldering:main' on page 68 undefined on input lin
e 5514.


Package hyperref Warning: Token not allowed in a PDF string (Unicode):
(hyperref)                removing `math shift' on input line 5517.


Package hyperref Warning: Token not allowed in a PDF string (Unicode):
(hyperref)                removing `math shift' on input line 5517.

[68]

Package hyperref Warning: Token not allowed in a PDF string (Unicode):
(hyperref)                removing `math shift' on input line 5621.


Package hyperref Warning: Token not allowed in a PDF string (Unicode):
(hyperref)                removing `\new@ifnextchar' on input line 5621.


Package hyperref Warning: Token not allowed in a PDF string (Unicode):
(hyperref)                removing `math shift' on input line 5621.

[69] [70]

LaTeX Warning: Reference `sec:soldering:main' on page 71 undefined on input lin
e 5788.


Overfull \hbox (4.30919pt too wide) in paragraph at lines 5833--5843
[]\OT1/cmr/m/n/10.95 (10)$ \T1/cmr/m/n/10.95 sin-glet ([][]The-o-rem C.2[][][])
 --- but are gauge modes pro-tected by the Ward iden-tity $\OMS/cmsy/m/n/10.95 
r[]\OT1/cmr/m/n/10.95 (\OML/cmm/m/it/10.95 ^^N\OT1/cmr/m/n/10.95 ^^@\OML/cmm/m/
it/10.95 =^^Ne[]\OT1/cmr/m/n/10.95 ) =
 []

[71]

LaTeX Warning: Reference `sec:foundation:realform' on page 72 undefined on inpu
t line 5910.


LaTeX Warning: Reference `sec:gauge:composite' on page 72 undefined on input li
ne 5924.


LaTeX Warning: Reference `sec:foundation:tangent' on page 72 undefined on input
 line 5941.

[72]

LaTeX Warning: Reference `sec:foundation:tangent' on page 73 undefined on input
 line 6011.

[73]
Overfull \hbox (14.908pt too wide) in paragraph at lines 6092--6100
[][]\T1/cmr/m/it/10.95 Remark \T1/cmr/m/n/10.95 D.4 (Com-par-i-son with the leg
acy co-ef-fi-cient)\T1/cmr/m/it/10.95 . []\T1/cmr/m/n/10.95 The cor-rected pref
-ac-tor $\OML/cmm/m/it/10.95 T[]=\OT1/cmr/m/n/10.95 (24\OML/cmm/m/it/10.95 ^^Y[
]\OT1/cmr/m/n/10.95 ) = 4\OML/cmm/m/it/10.95 =\OT1/cmr/m/n/10.95 (24\OML/cmm/m/
it/10.95 ^^Y[]\OT1/cmr/m/n/10.95 ) =
 []


Package hyperref Warning: Token not allowed in a PDF string (Unicode):
(hyperref)                removing `math shift' on input line 6111.


Package hyperref Warning: Token not allowed in a PDF string (Unicode):
(hyperref)                removing `subscript' on input line 6111.


Package hyperref Warning: Token not allowed in a PDF string (Unicode):
(hyperref)                removing `math shift' on input line 6111.

[74]
Overfull \hbox (19.45572pt too wide) in paragraph at lines 6183--6187
\T1/cmr/m/n/10.95 The heat-kernel, functional-renormalization-group, world-shee
t, Calabi--Yau, and full anomaly-arithmetic
 []

[75] [76] (./ucft-final.aux)
 ***********
LaTeX2e <2025-11-01>
L3 programming layer <2026-03-20>
 ***********


LaTeX Warning: There were undefined references.

Package rerunfilecheck Info: File `ucft-final.out' has not changed.
(rerunfilecheck)             Checksum: EA174467591C3016669E0033820E7E47;28603.
 ) 
Here is how much of TeX's memory you used:
 13702 strings out of 467363
 209073 string characters out of 5419002
 672711 words of memory out of 6000000
 41945 multiletter control sequences out of 15000+600000
 659674 words of font info for 128 fonts, out of 8000000 for 9000
 1141 hyphenation exceptions out of 8191
 75i,17n,79p,547b,786s stack positions out of 10000i,1000n,20000p,200000b,200000s
</usr/share/texlive/texmf-dist/fonts/type1/public/amsfonts/cm/cmbx10.pfb></us
r/share/texlive/texmf-dist/fonts/type1/public/amsfonts/cm/cmbx6.pfb></usr/share
/texlive/texmf-dist/fonts/type1/public/amsfonts/cm/cmbx8.pfb></usr/share/texliv
e/texmf-dist/fonts/type1/public/amsfonts/cm/cmex10.pfb></usr/share/texlive/texm
f-dist/fonts/type1/public/amsfonts/cmextra/cmex8.pfb></usr/share/texlive/texmf-
dist/fonts/type1/public/amsfonts/cm/cmmi10.pfb></usr/share/texlive/texmf-dist/f
onts/type1/public/amsfonts/cm/cmmi12.pfb></usr/share/texlive/texmf-dist/fonts/t
ype1/public/amsfonts/cm/cmmi6.pfb></usr/share/texlive/texmf-dist/fonts/type1/pu
blic/amsfonts/cm/cmmi7.pfb></usr/share/texlive/texmf-dist/fonts/type1/public/am
sfonts/cm/cmmi8.pfb></usr/share/texlive/texmf-dist/fonts/type1/public/amsfonts/
cm/cmr10.pfb></usr/share/texlive/texmf-dist/fonts/type1/public/amsfonts/cm/cmr1
2.pfb></usr/share/texlive/texmf-dist/fonts/type1/public/amsfonts/cm/cmr6.pfb></
usr/share/texlive/texmf-dist/fonts/type1/public/amsfonts/cm/cmr7.pfb></usr/shar
e/texlive/texmf-dist/fonts/type1/public/amsfonts/cm/cmr8.pfb></usr/share/texliv
e/texmf-dist/fonts/type1/public/amsfonts/cm/cmss8.pfb></usr/share/texlive/texmf
-dist/fonts/type1/public/amsfonts/cm/cmsy10.pfb></usr/share/texlive/texmf-dist/
fonts/type1/public/amsfonts/cm/cmsy6.pfb></usr/share/texlive/texmf-dist/fonts/t
ype1/public/amsfonts/cm/cmsy7.pfb></usr/share/texlive/texmf-dist/fonts/type1/pu
blic/amsfonts/cm/cmsy8.pfb></usr/share/texlive/texmf-dist/fonts/type1/public/am
sfonts/euler/eufm10.pfb></usr/share/texlive/texmf-dist/fonts/type1/public/amsfo
nts/symbols/msam10.pfb></usr/share/texlive/texmf-dist/fonts/type1/public/amsfon
ts/symbols/msbm10.pfb></usr/share/texlive/texmf-dist/fonts/type1/public/amsfont
s/symbols/msbm7.pfb></usr/share/texlive/texmf-dist/fonts/type1/public/cm-super/
sfbi1095.pfb></usr/share/texlive/texmf-dist/fonts/type1/public/cm-super/sfbx100
0.pfb></usr/share/texlive/texmf-dist/fonts/type1/public/cm-super/sfbx1095.pfb><
/usr/share/texlive/texmf-dist/fonts/type1/public/cm-super/sfbx1200.pfb></usr/sh
are/texlive/texmf-dist/fonts/type1/public/cm-super/sfbx1440.pfb></usr/share/tex
live/texmf-dist/fonts/type1/public/cm-super/sfbx2074.pfb></usr/share/texlive/te
xmf-dist/fonts/type1/public/cm-super/sfcc1095.pfb></usr/share/texlive/texmf-dis
t/fonts/type1/public/cm-super/sfrm0800.pfb></usr/share/texlive/texmf-dist/fonts
/type1/public/cm-super/sfrm1000.pfb></usr/share/texlive/texmf-dist/fonts/type1/
public/cm-super/sfrm1095.pfb></usr/share/texlive/texmf-dist/fonts/type1/public/
cm-super/sfrm1200.pfb></usr/share/texlive/texmf-dist/fonts/type1/public/cm-supe
r/sfrm1728.pfb></usr/share/texlive/texmf-dist/fonts/type1/public/cm-super/sfsc1
095.pfb></usr/share/texlive/texmf-dist/fonts/type1/public/cm-super/sfti0800.pfb
></usr/share/texlive/texmf-dist/fonts/type1/public/cm-super/sfti1095.pfb></usr/
share/texlive/texmf-dist/fonts/type1/public/cm-super/sftt1095.pfb>
Output written on ucft-final.pdf (76 pages, 1010562 bytes).
PDF statistics:
 2240 PDF objects out of 2487 (max. 8388607)
 2060 compressed objects within 21 object streams
 642 named destinations out of 1000 (max. 500000)
 913 words of extra memory for PDF output out of 10000 (max. 10000000)

